{
  "RSpec": {
    "coverage": {
      "/Users/markusgerdes/devel/public/crisp/lib/crisp.rb": [
        1,
        1,
        1,
        null,
        1,
        1,
        null,
        null,
        1,
        1,
        1,
        1,
        1,
        1,
        1,
        1,
        1,
        1,
        1,
        1
      ],
      "/Users/markusgerdes/devel/public/crisp/lib/crisp/errors.rb": [
        1,
        null,
        1,
        null,
        null,
        1,
        null,
        null,
        1,
        null,
        null,
        1,
        null,
        null,
        null
      ],
      "/Users/markusgerdes/devel/public/crisp/lib/crisp/parser.rb": [
        1,
        null,
        null,
        null,
        null,
        null,
        1,
        1,
        null,
        null,
        1,
        150,
        null,
        null,
        null,
        1,
        150,
        null,
        150,
        null,
        148,
        null,
        null,
        null
      ],
      "/Users/markusgerdes/devel/public/crisp/lib/crisp/runtime.rb": [
        1,
        null,
        null,
        null,
        null,
        null,
        1,
        null,
        1,
        150,
        150,
        null,
        null,
        null,
        1,
        148,
        null,
        null,
        null
      ],
      "/Users/markusgerdes/devel/public/crisp/lib/crisp/chained_env.rb": [
        1,
        null,
        null,
        null,
        1,
        null,
        null,
        1,
        226,
        226,
        null,
        null,
        null,
        1,
        508,
        null,
        null,
        null,
        null,
        1,
        5753,
        527,
        null,
        5226,
        null,
        null,
        null,
        null,
        1,
        3,
        null,
        null,
        null,
        1,
        257,
        null,
        null,
        null,
        1,
        7,
        null,
        null,
        null,
        1,
        1,
        null,
        null,
        null
      ],
      "/Users/markusgerdes/devel/public/crisp/lib/crisp/env.rb": [
        1,
        null,
        null,
        1,
        1,
        null,
        null,
        1,
        381,
        null,
        null,
        null,
        1,
        6294,
        null,
        null,
        null,
        1,
        1624,
        null,
        1624,
        3,
        null,
        1621,
        null,
        null,
        null,
        null,
        null,
        1,
        4275,
        4275,
        4272,
        null,
        null,
        null,
        1,
        4,
        null,
        null,
        null
      ],
      "/Users/markusgerdes/devel/public/crisp/lib/crisp/nodes.rb": [
        1,
        1,
        null,
        null,
        null,
        null,
        null,
        null,
        null,
        null,
        null,
        null,
        null,
        null,
        null,
        null,
        null,
        null,
        null,
        1,
        1,
        1,
        1,
        1,
        1,
        1,
        1,
        1,
        1,
        1,
        1,
        null,
        null
      ],
      "/Users/markusgerdes/devel/public/crisp/lib/crisp/nodes/base.rb": [
        1,
        1,
        null,
        1,
        null,
        1,
        0,
        null,
        null,
        null,
        1,
        0,
        null,
        null,
        null,
        1,
        2241,
        2240,
        null,
        null,
        null,
        null
      ],
      "/Users/markusgerdes/devel/public/crisp/lib/crisp/nodes/operation.rb": [
        1,
        1,
        null,
        1,
        null,
        1,
        1083,
        5,
        null,
        1078,
        null,
        null,
        null,
        null,
        1,
        1078,
        null,
        null,
        1,
        null,
        1,
        1083,
        null,
        null,
        null,
        null
      ],
      "/Users/markusgerdes/devel/public/crisp/lib/crisp/nodes/block.rb": [
        1,
        1,
        null,
        1,
        null,
        1,
        148,
        183,
        null,
        null,
        null,
        null,
        1,
        0,
        null,
        null,
        null,
        null
      ],
      "/Users/markusgerdes/devel/public/crisp/lib/crisp/nodes/array_literal.rb": [
        1,
        1,
        null,
        1,
        null,
        1,
        0,
        null,
        null,
        null,
        1,
        28,
        null,
        null,
        null,
        1,
        57,
        null,
        null,
        null,
        null
      ],
      "/Users/markusgerdes/devel/public/crisp/lib/crisp/nodes/primitive.rb": [
        1,
        1,
        null,
        1,
        null,
        1,
        0,
        null,
        null,
        null,
        1,
        0,
        null,
        null,
        null,
        null
      ],
      "/Users/markusgerdes/devel/public/crisp/lib/crisp/nodes/integer_literal.rb": [
        1,
        1,
        null,
        1,
        null,
        1,
        581,
        null,
        null,
        null,
        null
      ],
      "/Users/markusgerdes/devel/public/crisp/lib/crisp/nodes/float_literal.rb": [
        1,
        1,
        null,
        1,
        null,
        1,
        34,
        null,
        null,
        null,
        null
      ],
      "/Users/markusgerdes/devel/public/crisp/lib/crisp/nodes/string_literal.rb": [
        1,
        1,
        null,
        1,
        null,
        1,
        12,
        null,
        null,
        null,
        null
      ],
      "/Users/markusgerdes/devel/public/crisp/lib/crisp/nodes/symbol_literal.rb": [
        1,
        1,
        null,
        1,
        null,
        1,
        534,
        1,
        null,
        null,
        533,
        null,
        null,
        null,
        null
      ],
      "/Users/markusgerdes/devel/public/crisp/lib/crisp/nodes/true_literal.rb": [
        1,
        1,
        null,
        1,
        null,
        1,
        10,
        null,
        null,
        null,
        null
      ],
      "/Users/markusgerdes/devel/public/crisp/lib/crisp/nodes/false_literal.rb": [
        1,
        1,
        null,
        1,
        null,
        1,
        8,
        null,
        null,
        null,
        null
      ],
      "/Users/markusgerdes/devel/public/crisp/lib/crisp/nodes/nil_literal.rb": [
        1,
        1,
        null,
        1,
        null,
        1,
        null,
        null,
        null,
        null,
        null
      ],
      "/Users/markusgerdes/devel/public/crisp/lib/crisp/function.rb": [
        1,
        null,
        1,
        1,
        null,
        null,
        1,
        3570,
        3570,
        null,
        null,
        null,
        1,
        3564,
        3564,
        null,
        null,
        null,
        1,
        1082,
        null,
        null,
        null
      ],
      "/Users/markusgerdes/devel/public/crisp/lib/crisp/function_runner.rb": [
        1,
        null,
        1,
        1,
        null,
        null,
        1,
        1082,
        1082,
        null,
        null,
        null,
        1,
        1082,
        1082,
        1082,
        null,
        null,
        1,
        null,
        null,
        null,
        1,
        null,
        681,
        14,
        null,
        null,
        null,
        null,
        1,
        547,
        1129,
        null,
        null,
        null,
        null
      ],
      "/Users/markusgerdes/devel/public/crisp/lib/crisp/functions.rb": [
        1,
        1,
        null,
        1,
        1,
        1,
        1,
        null,
        null,
        1,
        148,
        148,
        148,
        148,
        null,
        null,
        null
      ],
      "/Users/markusgerdes/devel/public/crisp/lib/crisp/functions/core.rb": [
        1,
        1,
        null,
        1,
        null,
        1,
        null,
        null,
        148,
        148,
        148,
        null,
        null,
        null,
        null,
        null,
        null,
        148,
        1,
        null,
        null,
        null,
        null,
        null,
        null,
        null,
        null,
        null,
        null,
        148,
        35,
        null,
        34,
        34,
        null,
        34,
        6,
        null,
        28,
        null,
        null,
        null,
        null,
        null,
        null,
        null,
        null,
        null,
        null,
        148,
        14,
        null,
        13,
        1,
        null,
        null,
        12,
        12,
        null,
        null,
        12,
        186,
        null,
        185,
        185,
        183,
        null,
        null,
        185,
        null,
        185,
        null,
        null,
        null,
        null,
        null,
        null,
        null,
        null,
        null,
        148,
        192,
        null,
        190,
        null,
        190,
        93,
        null,
        95,
        null,
        null,
        190,
        null,
        null,
        null,
        null,
        null,
        null,
        null,
        null,
        148,
        12,
        1,
        null,
        null,
        11,
        null,
        11,
        21,
        null,
        15,
        9,
        9,
        null,
        null,
        null,
        11,
        null,
        null,
        null,
        null,
        null,
        null,
        null,
        148,
        9,
        1,
        null,
        null,
        8,
        1,
        null,
        null,
        7,
        7,
        7,
        null,
        7,
        18,
        9,
        null,
        null,
        7,
        8,
        null,
        null,
        null,
        null,
        null,
        null,
        null,
        null,
        null,
        null,
        null,
        148,
        11,
        1,
        null,
        null,
        10,
        1,
        null,
        null,
        9,
        1,
        null,
        null,
        8,
        8,
        8,
        8,
        null,
        8,
        18,
        9,
        9,
        null,
        null,
        8,
        null,
        null,
        null,
        null,
        8,
        11,
        null,
        null,
        1,
        null,
        1,
        null,
        null,
        null,
        null,
        null,
        148,
        19,
        1,
        null,
        null,
        18,
        null,
        17,
        17,
        null,
        17,
        22,
        null,
        null,
        17,
        26,
        null,
        null,
        null,
        null,
        null,
        null,
        null,
        null,
        148,
        7,
        7,
        3,
        null,
        4,
        null,
        11,
        null,
        7,
        null,
        null,
        null,
        null,
        null,
        null,
        null,
        148,
        4,
        4,
        4,
        0,
        null,
        4,
        null,
        null,
        4,
        2,
        null,
        null,
        2,
        2,
        2,
        null,
        null,
        1,
        null,
        null,
        null,
        null,
        null,
        null,
        null,
        null,
        148,
        2,
        null,
        2,
        2,
        null,
        2,
        null,
        null,
        null,
        null,
        null,
        null
      ],
      "/Users/markusgerdes/devel/public/crisp/lib/crisp/functions/arithmetic.rb": [
        1,
        1,
        null,
        1,
        null,
        1,
        null,
        null,
        null,
        null,
        null,
        null,
        148,
        124,
        null,
        null,
        null,
        null,
        null,
        null,
        null,
        148,
        194,
        null,
        null,
        null,
        null,
        null,
        null,
        null,
        148,
        20,
        null,
        null,
        null,
        null,
        null,
        null,
        null,
        148,
        12,
        null,
        null,
        null,
        null,
        null,
        null,
        null,
        148,
        9,
        9,
        9,
        null,
        null,
        null,
        null,
        null,
        null,
        null,
        148,
        3,
        3,
        3,
        null,
        null,
        null,
        null,
        null,
        null,
        null,
        148,
        180,
        180,
        180,
        null,
        null,
        null,
        null,
        null,
        null
      ],
      "/Users/markusgerdes/devel/public/crisp/lib/crisp/functions/array.rb": [
        1,
        1,
        null,
        1,
        null,
        1,
        null,
        null,
        null,
        null,
        null,
        null,
        148,
        6,
        null,
        4,
        1,
        null,
        null,
        3,
        2,
        null,
        1,
        null,
        null,
        null,
        null,
        null,
        null,
        null,
        null,
        148,
        6,
        null,
        4,
        1,
        null,
        null,
        3,
        4,
        null,
        1,
        null,
        null,
        null,
        null,
        null,
        null,
        null
      ],
      "/Users/markusgerdes/devel/public/crisp/lib/crisp/functions/sequence.rb": [
        1,
        1,
        null,
        1,
        null,
        1,
        null,
        null,
        null,
        null,
        null,
        null,
        null,
        null,
        null,
        null,
        null,
        148,
        6,
        6,
        6,
        null,
        6,
        6,
        5,
        null,
        null,
        null,
        6,
        17,
        15,
        null,
        null,
        6,
        null,
        null,
        null,
        null,
        null,
        148,
        11,
        null,
        9,
        null,
        9,
        1,
        null,
        null,
        8,
        null,
        null,
        null,
        null,
        null,
        null,
        null,
        null,
        null,
        null,
        null,
        null,
        148,
        1,
        null,
        1,
        1,
        null,
        1,
        0,
        null,
        null,
        1,
        null,
        1,
        5,
        null,
        null,
        1,
        null,
        null,
        null,
        null,
        null,
        null,
        null,
        null,
        null,
        null,
        null,
        null,
        148,
        1,
        null,
        1,
        1,
        null,
        1,
        0,
        null,
        null,
        1,
        null,
        1,
        5,
        null,
        null,
        1,
        null,
        null,
        null,
        null,
        null,
        null,
        null
      ],
      "/Users/markusgerdes/devel/public/crisp/lib/crisp/shell.rb": [
        1,
        null,
        null,
        null,
        1,
        1,
        null,
        null,
        1,
        0,
        0,
        null,
        0,
        0,
        0,
        0,
        0,
        0,
        null,
        null,
        null,
        null,
        null,
        null,
        null
      ],
      "/Users/markusgerdes/devel/public/crisp/lib/crisp/native_call_invoker.rb": [
        1,
        null,
        1,
        null,
        1,
        7,
        7,
        7,
        null,
        null,
        null,
        1,
        7,
        null,
        null,
        null
      ],
      "/Users/markusgerdes/devel/public/crisp/lib/crisp/lazyseq.rb": [
        1,
        null,
        1,
        null,
        1,
        7,
        0,
        null,
        null,
        7,
        7,
        7,
        7,
        null,
        null,
        7,
        null,
        null,
        null,
        1,
        20,
        null,
        null,
        null,
        1,
        23,
        23,
        null,
        null,
        null,
        null
      ],
      "/Users/markusgerdes/devel/public/crisp/spec/crisp/array_spec.rb": [
        1,
        null,
        1,
        1,
        null,
        1,
        1,
        1,
        null,
        null,
        1,
        1,
        null,
        null,
        null,
        1,
        1,
        1,
        null,
        null,
        null,
        1,
        1,
        1,
        1,
        null,
        null,
        1,
        1,
        1,
        null,
        null,
        1,
        1,
        null,
        null,
        null,
        1,
        1,
        1,
        null,
        null,
        null,
        1,
        1,
        1,
        1,
        null,
        null
      ],
      "/Users/markusgerdes/devel/public/crisp/spec/crisp/basic_spec.rb": [
        1,
        null,
        1,
        1,
        null,
        1,
        1,
        null,
        null,
        1,
        1,
        1,
        null,
        null,
        null,
        1,
        1,
        1,
        1,
        null,
        null,
        1,
        1,
        1,
        null,
        null,
        null
      ],
      "/Users/markusgerdes/devel/public/crisp/spec/crisp/core_spec.rb": [
        1,
        null,
        1,
        1,
        null,
        1,
        1,
        null,
        null,
        1,
        1,
        null,
        null,
        1,
        1,
        1,
        null,
        null,
        null,
        1,
        1,
        1,
        null,
        null,
        null,
        1,
        1,
        1,
        null,
        null,
        1,
        1,
        1,
        null,
        null,
        null,
        1,
        1,
        1,
        1,
        1,
        1,
        1,
        1,
        null,
        null,
        1,
        1,
        1,
        null,
        null,
        1,
        null,
        null,
        1,
        null,
        null,
        1,
        1,
        1,
        1,
        null,
        null,
        1,
        1,
        1,
        1,
        null,
        null,
        1,
        1,
        1,
        null,
        null,
        1,
        1,
        null,
        null,
        null,
        1,
        1,
        null,
        null,
        1,
        1,
        null,
        null,
        1,
        1,
        null,
        null,
        1,
        1,
        null,
        null,
        1,
        1,
        null,
        null,
        1,
        1,
        null,
        null,
        1,
        1,
        null,
        null,
        1,
        1,
        null,
        null,
        1,
        1,
        1,
        null,
        null,
        null,
        1,
        1,
        1,
        null,
        null,
        null,
        1,
        1,
        1,
        null,
        null,
        1,
        1,
        null,
        null,
        null,
        1,
        1,
        1,
        null,
        null,
        1,
        null,
        null,
        1,
        1,
        1,
        null,
        null,
        1,
        1,
        null,
        null,
        null,
        1,
        1,
        1,
        null,
        null,
        null,
        1,
        1,
        1,
        1,
        1,
        1,
        1,
        1,
        null,
        null,
        1,
        1,
        null,
        null,
        1,
        1,
        1,
        1,
        null,
        null,
        1,
        1,
        1,
        null,
        null,
        null,
        1,
        1,
        1,
        null,
        null,
        null,
        1,
        1,
        1,
        null,
        null,
        null,
        1,
        1,
        1,
        null,
        null,
        null,
        1,
        null,
        null,
        null,
        null,
        null,
        null,
        null,
        null,
        1,
        null,
        null,
        1,
        1,
        1,
        null,
        null,
        null,
        1,
        1,
        null,
        null,
        1,
        1,
        null,
        null
      ],
      "/Users/markusgerdes/devel/public/crisp/spec/crisp/function_spec.rb": [
        1,
        null,
        1,
        1,
        null,
        1,
        1,
        1,
        null,
        null,
        null,
        1,
        1,
        1,
        null,
        null,
        null,
        1,
        1,
        1,
        1,
        1,
        null,
        null,
        1,
        1,
        null,
        null,
        1,
        1,
        null,
        null,
        1,
        1,
        null,
        null,
        1,
        1,
        null,
        null,
        1,
        1,
        1,
        null,
        null,
        null,
        1,
        1,
        null,
        null
      ],
      "/Users/markusgerdes/devel/public/crisp/spec/crisp/internal_spec.rb": [
        1,
        null,
        1,
        1,
        null,
        1,
        1,
        1,
        null,
        1,
        1,
        1,
        1,
        null,
        null,
        1,
        1,
        null,
        1,
        1,
        null,
        null,
        1,
        1,
        1,
        null,
        1,
        1,
        null,
        null,
        null,
        1,
        1,
        1,
        1,
        null,
        1,
        1,
        1,
        null,
        1,
        null,
        1,
        1,
        1,
        null,
        null,
        1,
        1,
        1,
        null,
        1,
        null,
        1,
        null,
        1,
        1,
        1,
        null,
        null,
        1,
        1,
        1,
        1,
        1,
        null,
        null,
        1,
        1,
        1,
        1,
        null,
        1,
        null,
        1,
        1,
        1,
        null,
        null,
        1,
        1,
        1,
        1,
        1,
        5,
        4,
        null,
        null,
        null,
        1,
        1,
        1,
        1,
        1,
        null,
        null,
        null
      ],
      "/Users/markusgerdes/devel/public/crisp/spec/crisp/native_call_invoker_spec.rb": [
        1,
        null,
        1,
        1,
        null,
        1,
        1,
        null,
        null,
        1,
        1,
        null,
        null,
        1,
        1,
        null,
        null,
        1,
        1,
        1,
        null,
        null,
        null,
        1,
        1,
        1,
        1,
        null,
        null
      ],
      "/Users/markusgerdes/devel/public/crisp/spec/crisp/sequence_spec.rb": [
        1,
        null,
        1,
        1,
        null,
        1,
        1,
        1,
        1,
        null,
        null,
        1,
        1,
        null,
        null,
        null,
        1,
        1,
        1,
        null,
        null,
        null,
        1,
        1,
        null,
        null,
        null,
        null,
        1,
        null,
        null,
        1,
        null,
        null,
        null,
        null,
        1,
        null,
        null,
        null,
        1,
        1,
        1,
        null,
        null,
        null,
        1,
        1,
        1,
        null,
        null,
        null,
        1,
        null,
        null,
        null,
        null,
        null,
        null,
        null,
        null,
        null,
        1,
        null,
        null,
        1,
        null,
        null,
        null,
        null,
        null,
        1,
        null,
        null,
        1,
        null,
        null,
        null,
        null,
        null,
        1,
        null,
        null,
        0,
        0,
        null,
        null,
        null,
        null,
        0,
        null,
        null,
        null,
        null,
        null
      ],
      "/Users/markusgerdes/devel/public/crisp/spec/crisp/string_spec.rb": [
        1,
        null,
        1,
        1,
        null,
        1,
        1,
        null,
        null
      ]
    },
    "timestamp": 1363639571
  }
}
